[2020-11-13 16:11:51] local.ERROR: Command "serve" is not defined. {"exception":"[object] (Symfony\\Component\\Console\\Exception\\CommandNotFoundException(code: 0): Command \"serve\" is not defined. at /home/tdnavarrom/projects/LumenLaravelDocker/vendor/symfony/console/Application.php:651)
[stacktrace]
#0 /home/tdnavarrom/projects/LumenLaravelDocker/vendor/symfony/console/Application.php(230): Symfony\\Component\\Console\\Application->find()
#1 /home/tdnavarrom/projects/LumenLaravelDocker/vendor/symfony/console/Application.php(142): Symfony\\Component\\Console\\Application->doRun()
#2 /home/tdnavarrom/projects/LumenLaravelDocker/vendor/illuminate/console/Application.php(93): Symfony\\Component\\Console\\Application->run()
#3 /home/tdnavarrom/projects/LumenLaravelDocker/vendor/laravel/lumen-framework/src/Console/Kernel.php(116): Illuminate\\Console\\Application->run()
#4 /home/tdnavarrom/projects/LumenLaravelDocker/artisan(35): Laravel\\Lumen\\Console\\Kernel->handle()
#5 {main}
"} 
[2020-11-13 16:13:44] local.ERROR: A facade root has not been set. {"exception":"[object] (RuntimeException(code: 0): A facade root has not been set. at /home/tdnavarrom/projects/LumenLaravelDocker/vendor/illuminate/support/Facades/Facade.php:258)
[stacktrace]
#0 /home/tdnavarrom/projects/LumenLaravelDocker/app/Http/Controllers/ImageController.php(34): Illuminate\\Support\\Facades\\Facade::__callStatic()
#1 [internal function]: App\\Http\\Controllers\\ImageController->showImages()
#2 /home/tdnavarrom/projects/LumenLaravelDocker/vendor/illuminate/container/BoundMethod.php(37): call_user_func_array()
#3 /home/tdnavarrom/projects/LumenLaravelDocker/vendor/illuminate/container/Util.php(37): Illuminate\\Container\\BoundMethod::Illuminate\\Container\\{closure}()
#4 /home/tdnavarrom/projects/LumenLaravelDocker/vendor/illuminate/container/BoundMethod.php(95): Illuminate\\Container\\Util::unwrapIfClosure()
#5 /home/tdnavarrom/projects/LumenLaravelDocker/vendor/illuminate/container/BoundMethod.php(39): Illuminate\\Container\\BoundMethod::callBoundMethod()
#6 /home/tdnavarrom/projects/LumenLaravelDocker/vendor/illuminate/container/Container.php(596): Illuminate\\Container\\BoundMethod::call()
#7 /home/tdnavarrom/projects/LumenLaravelDocker/vendor/laravel/lumen-framework/src/Concerns/RoutesRequests.php(386): Illuminate\\Container\\Container->call()
#8 /home/tdnavarrom/projects/LumenLaravelDocker/vendor/laravel/lumen-framework/src/Concerns/RoutesRequests.php(352): Laravel\\Lumen\\Application->callControllerCallable()
#9 /home/tdnavarrom/projects/LumenLaravelDocker/vendor/laravel/lumen-framework/src/Concerns/RoutesRequests.php(326): Laravel\\Lumen\\Application->callLumenController()
#10 /home/tdnavarrom/projects/LumenLaravelDocker/vendor/laravel/lumen-framework/src/Concerns/RoutesRequests.php(279): Laravel\\Lumen\\Application->callControllerAction()
#11 /home/tdnavarrom/projects/LumenLaravelDocker/vendor/laravel/lumen-framework/src/Concerns/RoutesRequests.php(264): Laravel\\Lumen\\Application->callActionOnArrayBasedRoute()
#12 /home/tdnavarrom/projects/LumenLaravelDocker/vendor/laravel/lumen-framework/src/Concerns/RoutesRequests.php(166): Laravel\\Lumen\\Application->handleFoundRoute()
#13 /home/tdnavarrom/projects/LumenLaravelDocker/vendor/laravel/lumen-framework/src/Concerns/RoutesRequests.php(426): Laravel\\Lumen\\Application->Laravel\\Lumen\\Concerns\\{closure}()
#14 /home/tdnavarrom/projects/LumenLaravelDocker/vendor/laravel/lumen-framework/src/Concerns/RoutesRequests.php(172): Laravel\\Lumen\\Application->sendThroughPipeline()
#15 /home/tdnavarrom/projects/LumenLaravelDocker/vendor/laravel/lumen-framework/src/Concerns/RoutesRequests.php(109): Laravel\\Lumen\\Application->dispatch()
#16 /home/tdnavarrom/projects/LumenLaravelDocker/public/index.php(28): Laravel\\Lumen\\Application->run()
#17 {main}
"} 
[2020-11-13 16:14:30] local.ERROR: Class 'League\Flysystem\AwsS3v3\AwsS3Adapter' not found {"exception":"[object] (Error(code: 0): Class 'League\\Flysystem\\AwsS3v3\\AwsS3Adapter' not found at /home/tdnavarrom/projects/LumenLaravelDocker/vendor/illuminate/filesystem/FilesystemManager.php:214)
[stacktrace]
#0 /home/tdnavarrom/projects/LumenLaravelDocker/vendor/illuminate/filesystem/FilesystemManager.php(129): Illuminate\\Filesystem\\FilesystemManager->createS3Driver()
#1 /home/tdnavarrom/projects/LumenLaravelDocker/vendor/illuminate/filesystem/FilesystemManager.php(101): Illuminate\\Filesystem\\FilesystemManager->resolve()
#2 /home/tdnavarrom/projects/LumenLaravelDocker/vendor/illuminate/filesystem/FilesystemManager.php(78): Illuminate\\Filesystem\\FilesystemManager->get()
#3 /home/tdnavarrom/projects/LumenLaravelDocker/vendor/illuminate/support/Facades/Facade.php(261): Illuminate\\Filesystem\\FilesystemManager->disk()
#4 /home/tdnavarrom/projects/LumenLaravelDocker/app/Http/Controllers/ImageController.php(34): Illuminate\\Support\\Facades\\Facade::__callStatic()
#5 [internal function]: App\\Http\\Controllers\\ImageController->showImages()
#6 /home/tdnavarrom/projects/LumenLaravelDocker/vendor/illuminate/container/BoundMethod.php(37): call_user_func_array()
#7 /home/tdnavarrom/projects/LumenLaravelDocker/vendor/illuminate/container/Util.php(37): Illuminate\\Container\\BoundMethod::Illuminate\\Container\\{closure}()
#8 /home/tdnavarrom/projects/LumenLaravelDocker/vendor/illuminate/container/BoundMethod.php(95): Illuminate\\Container\\Util::unwrapIfClosure()
#9 /home/tdnavarrom/projects/LumenLaravelDocker/vendor/illuminate/container/BoundMethod.php(39): Illuminate\\Container\\BoundMethod::callBoundMethod()
#10 /home/tdnavarrom/projects/LumenLaravelDocker/vendor/illuminate/container/Container.php(596): Illuminate\\Container\\BoundMethod::call()
#11 /home/tdnavarrom/projects/LumenLaravelDocker/vendor/laravel/lumen-framework/src/Concerns/RoutesRequests.php(386): Illuminate\\Container\\Container->call()
#12 /home/tdnavarrom/projects/LumenLaravelDocker/vendor/laravel/lumen-framework/src/Concerns/RoutesRequests.php(352): Laravel\\Lumen\\Application->callControllerCallable()
#13 /home/tdnavarrom/projects/LumenLaravelDocker/vendor/laravel/lumen-framework/src/Concerns/RoutesRequests.php(326): Laravel\\Lumen\\Application->callLumenController()
#14 /home/tdnavarrom/projects/LumenLaravelDocker/vendor/laravel/lumen-framework/src/Concerns/RoutesRequests.php(279): Laravel\\Lumen\\Application->callControllerAction()
#15 /home/tdnavarrom/projects/LumenLaravelDocker/vendor/laravel/lumen-framework/src/Concerns/RoutesRequests.php(264): Laravel\\Lumen\\Application->callActionOnArrayBasedRoute()
#16 /home/tdnavarrom/projects/LumenLaravelDocker/vendor/laravel/lumen-framework/src/Concerns/RoutesRequests.php(166): Laravel\\Lumen\\Application->handleFoundRoute()
#17 /home/tdnavarrom/projects/LumenLaravelDocker/vendor/laravel/lumen-framework/src/Concerns/RoutesRequests.php(426): Laravel\\Lumen\\Application->Laravel\\Lumen\\Concerns\\{closure}()
#18 /home/tdnavarrom/projects/LumenLaravelDocker/vendor/laravel/lumen-framework/src/Concerns/RoutesRequests.php(172): Laravel\\Lumen\\Application->sendThroughPipeline()
#19 /home/tdnavarrom/projects/LumenLaravelDocker/vendor/laravel/lumen-framework/src/Concerns/RoutesRequests.php(109): Laravel\\Lumen\\Application->dispatch()
#20 /home/tdnavarrom/projects/LumenLaravelDocker/public/index.php(28): Laravel\\Lumen\\Application->run()
#21 {main}
"} 
[2020-11-13 16:20:37] local.ERROR: syntax error, unexpected 'image_name' (T_STRING), expecting ']' (View: /home/tdnavarrom/projects/LumenLaravelDocker/resources/views/image/index.blade.php) {"exception":"[object] (ErrorException(code: 0): syntax error, unexpected 'image_name' (T_STRING), expecting ']' (View: /home/tdnavarrom/projects/LumenLaravelDocker/resources/views/image/index.blade.php) at /home/tdnavarrom/projects/LumenLaravelDocker/storage/framework/views/cca1483390120c3c591a67d009967045f34377eb.php:10)
[stacktrace]
#0 /home/tdnavarrom/projects/LumenLaravelDocker/vendor/illuminate/view/Engines/PhpEngine.php(43): Illuminate\\View\\Engines\\CompilerEngine->handleViewException()
#1 /home/tdnavarrom/projects/LumenLaravelDocker/vendor/illuminate/view/Engines/CompilerEngine.php(57): Illuminate\\View\\Engines\\PhpEngine->evaluatePath()
#2 /home/tdnavarrom/projects/LumenLaravelDocker/vendor/illuminate/view/View.php(139): Illuminate\\View\\Engines\\CompilerEngine->get()
#3 /home/tdnavarrom/projects/LumenLaravelDocker/vendor/illuminate/view/View.php(122): Illuminate\\View\\View->getContents()
#4 /home/tdnavarrom/projects/LumenLaravelDocker/vendor/illuminate/view/View.php(91): Illuminate\\View\\View->renderContents()
#5 /home/tdnavarrom/projects/LumenLaravelDocker/vendor/illuminate/http/Response.php(62): Illuminate\\View\\View->render()
#6 /home/tdnavarrom/projects/LumenLaravelDocker/vendor/illuminate/http/Response.php(34): Illuminate\\Http\\Response->setContent()
#7 /home/tdnavarrom/projects/LumenLaravelDocker/vendor/laravel/lumen-framework/src/Concerns/RoutesRequests.php(446): Illuminate\\Http\\Response->__construct()
#8 /home/tdnavarrom/projects/LumenLaravelDocker/vendor/laravel/lumen-framework/src/Concerns/RoutesRequests.php(386): Laravel\\Lumen\\Application->prepareResponse()
#9 /home/tdnavarrom/projects/LumenLaravelDocker/vendor/laravel/lumen-framework/src/Concerns/RoutesRequests.php(352): Laravel\\Lumen\\Application->callControllerCallable()
#10 /home/tdnavarrom/projects/LumenLaravelDocker/vendor/laravel/lumen-framework/src/Concerns/RoutesRequests.php(326): Laravel\\Lumen\\Application->callLumenController()
#11 /home/tdnavarrom/projects/LumenLaravelDocker/vendor/laravel/lumen-framework/src/Concerns/RoutesRequests.php(279): Laravel\\Lumen\\Application->callControllerAction()
#12 /home/tdnavarrom/projects/LumenLaravelDocker/vendor/laravel/lumen-framework/src/Concerns/RoutesRequests.php(264): Laravel\\Lumen\\Application->callActionOnArrayBasedRoute()
#13 /home/tdnavarrom/projects/LumenLaravelDocker/vendor/laravel/lumen-framework/src/Concerns/RoutesRequests.php(166): Laravel\\Lumen\\Application->handleFoundRoute()
#14 /home/tdnavarrom/projects/LumenLaravelDocker/vendor/laravel/lumen-framework/src/Concerns/RoutesRequests.php(426): Laravel\\Lumen\\Application->Laravel\\Lumen\\Concerns\\{closure}()
#15 /home/tdnavarrom/projects/LumenLaravelDocker/vendor/laravel/lumen-framework/src/Concerns/RoutesRequests.php(172): Laravel\\Lumen\\Application->sendThroughPipeline()
#16 /home/tdnavarrom/projects/LumenLaravelDocker/vendor/laravel/lumen-framework/src/Concerns/RoutesRequests.php(109): Laravel\\Lumen\\Application->dispatch()
#17 /home/tdnavarrom/projects/LumenLaravelDocker/public/index.php(28): Laravel\\Lumen\\Application->run()
#18 {main}

[previous exception] [object] (ParseError(code: 0): syntax error, unexpected 'image_name' (T_STRING), expecting ']' at /home/tdnavarrom/projects/LumenLaravelDocker/storage/framework/views/cca1483390120c3c591a67d009967045f34377eb.php:10)
[stacktrace]
#0 /home/tdnavarrom/projects/LumenLaravelDocker/vendor/illuminate/view/Engines/CompilerEngine.php(57): Illuminate\\View\\Engines\\PhpEngine->evaluatePath()
#1 /home/tdnavarrom/projects/LumenLaravelDocker/vendor/illuminate/view/View.php(139): Illuminate\\View\\Engines\\CompilerEngine->get()
#2 /home/tdnavarrom/projects/LumenLaravelDocker/vendor/illuminate/view/View.php(122): Illuminate\\View\\View->getContents()
#3 /home/tdnavarrom/projects/LumenLaravelDocker/vendor/illuminate/view/View.php(91): Illuminate\\View\\View->renderContents()
#4 /home/tdnavarrom/projects/LumenLaravelDocker/vendor/illuminate/http/Response.php(62): Illuminate\\View\\View->render()
#5 /home/tdnavarrom/projects/LumenLaravelDocker/vendor/illuminate/http/Response.php(34): Illuminate\\Http\\Response->setContent()
#6 /home/tdnavarrom/projects/LumenLaravelDocker/vendor/laravel/lumen-framework/src/Concerns/RoutesRequests.php(446): Illuminate\\Http\\Response->__construct()
#7 /home/tdnavarrom/projects/LumenLaravelDocker/vendor/laravel/lumen-framework/src/Concerns/RoutesRequests.php(386): Laravel\\Lumen\\Application->prepareResponse()
#8 /home/tdnavarrom/projects/LumenLaravelDocker/vendor/laravel/lumen-framework/src/Concerns/RoutesRequests.php(352): Laravel\\Lumen\\Application->callControllerCallable()
#9 /home/tdnavarrom/projects/LumenLaravelDocker/vendor/laravel/lumen-framework/src/Concerns/RoutesRequests.php(326): Laravel\\Lumen\\Application->callLumenController()
#10 /home/tdnavarrom/projects/LumenLaravelDocker/vendor/laravel/lumen-framework/src/Concerns/RoutesRequests.php(279): Laravel\\Lumen\\Application->callControllerAction()
#11 /home/tdnavarrom/projects/LumenLaravelDocker/vendor/laravel/lumen-framework/src/Concerns/RoutesRequests.php(264): Laravel\\Lumen\\Application->callActionOnArrayBasedRoute()
#12 /home/tdnavarrom/projects/LumenLaravelDocker/vendor/laravel/lumen-framework/src/Concerns/RoutesRequests.php(166): Laravel\\Lumen\\Application->handleFoundRoute()
#13 /home/tdnavarrom/projects/LumenLaravelDocker/vendor/laravel/lumen-framework/src/Concerns/RoutesRequests.php(426): Laravel\\Lumen\\Application->Laravel\\Lumen\\Concerns\\{closure}()
#14 /home/tdnavarrom/projects/LumenLaravelDocker/vendor/laravel/lumen-framework/src/Concerns/RoutesRequests.php(172): Laravel\\Lumen\\Application->sendThroughPipeline()
#15 /home/tdnavarrom/projects/LumenLaravelDocker/vendor/laravel/lumen-framework/src/Concerns/RoutesRequests.php(109): Laravel\\Lumen\\Application->dispatch()
#16 /home/tdnavarrom/projects/LumenLaravelDocker/public/index.php(28): Laravel\\Lumen\\Application->run()
#17 {main}
"} 
[2020-11-13 16:23:08] local.ERROR: syntax error, unexpected 'image_name' (T_STRING), expecting ']' (View: /home/tdnavarrom/projects/LumenLaravelDocker/resources/views/image/index.blade.php) {"exception":"[object] (ErrorException(code: 0): syntax error, unexpected 'image_name' (T_STRING), expecting ']' (View: /home/tdnavarrom/projects/LumenLaravelDocker/resources/views/image/index.blade.php) at /home/tdnavarrom/projects/LumenLaravelDocker/storage/framework/views/cca1483390120c3c591a67d009967045f34377eb.php:10)
[stacktrace]
#0 /home/tdnavarrom/projects/LumenLaravelDocker/vendor/illuminate/view/Engines/PhpEngine.php(43): Illuminate\\View\\Engines\\CompilerEngine->handleViewException()
#1 /home/tdnavarrom/projects/LumenLaravelDocker/vendor/illuminate/view/Engines/CompilerEngine.php(57): Illuminate\\View\\Engines\\PhpEngine->evaluatePath()
#2 /home/tdnavarrom/projects/LumenLaravelDocker/vendor/illuminate/view/View.php(139): Illuminate\\View\\Engines\\CompilerEngine->get()
#3 /home/tdnavarrom/projects/LumenLaravelDocker/vendor/illuminate/view/View.php(122): Illuminate\\View\\View->getContents()
#4 /home/tdnavarrom/projects/LumenLaravelDocker/vendor/illuminate/view/View.php(91): Illuminate\\View\\View->renderContents()
#5 /home/tdnavarrom/projects/LumenLaravelDocker/vendor/illuminate/http/Response.php(62): Illuminate\\View\\View->render()
#6 /home/tdnavarrom/projects/LumenLaravelDocker/vendor/illuminate/http/Response.php(34): Illuminate\\Http\\Response->setContent()
#7 /home/tdnavarrom/projects/LumenLaravelDocker/vendor/laravel/lumen-framework/src/Concerns/RoutesRequests.php(446): Illuminate\\Http\\Response->__construct()
#8 /home/tdnavarrom/projects/LumenLaravelDocker/vendor/laravel/lumen-framework/src/Concerns/RoutesRequests.php(386): Laravel\\Lumen\\Application->prepareResponse()
#9 /home/tdnavarrom/projects/LumenLaravelDocker/vendor/laravel/lumen-framework/src/Concerns/RoutesRequests.php(352): Laravel\\Lumen\\Application->callControllerCallable()
#10 /home/tdnavarrom/projects/LumenLaravelDocker/vendor/laravel/lumen-framework/src/Concerns/RoutesRequests.php(326): Laravel\\Lumen\\Application->callLumenController()
#11 /home/tdnavarrom/projects/LumenLaravelDocker/vendor/laravel/lumen-framework/src/Concerns/RoutesRequests.php(279): Laravel\\Lumen\\Application->callControllerAction()
#12 /home/tdnavarrom/projects/LumenLaravelDocker/vendor/laravel/lumen-framework/src/Concerns/RoutesRequests.php(264): Laravel\\Lumen\\Application->callActionOnArrayBasedRoute()
#13 /home/tdnavarrom/projects/LumenLaravelDocker/vendor/laravel/lumen-framework/src/Concerns/RoutesRequests.php(166): Laravel\\Lumen\\Application->handleFoundRoute()
#14 /home/tdnavarrom/projects/LumenLaravelDocker/vendor/laravel/lumen-framework/src/Concerns/RoutesRequests.php(426): Laravel\\Lumen\\Application->Laravel\\Lumen\\Concerns\\{closure}()
#15 /home/tdnavarrom/projects/LumenLaravelDocker/vendor/laravel/lumen-framework/src/Concerns/RoutesRequests.php(172): Laravel\\Lumen\\Application->sendThroughPipeline()
#16 /home/tdnavarrom/projects/LumenLaravelDocker/vendor/laravel/lumen-framework/src/Concerns/RoutesRequests.php(109): Laravel\\Lumen\\Application->dispatch()
#17 /home/tdnavarrom/projects/LumenLaravelDocker/public/index.php(28): Laravel\\Lumen\\Application->run()
#18 {main}

[previous exception] [object] (ParseError(code: 0): syntax error, unexpected 'image_name' (T_STRING), expecting ']' at /home/tdnavarrom/projects/LumenLaravelDocker/storage/framework/views/cca1483390120c3c591a67d009967045f34377eb.php:10)
[stacktrace]
#0 /home/tdnavarrom/projects/LumenLaravelDocker/vendor/illuminate/view/Engines/CompilerEngine.php(57): Illuminate\\View\\Engines\\PhpEngine->evaluatePath()
#1 /home/tdnavarrom/projects/LumenLaravelDocker/vendor/illuminate/view/View.php(139): Illuminate\\View\\Engines\\CompilerEngine->get()
#2 /home/tdnavarrom/projects/LumenLaravelDocker/vendor/illuminate/view/View.php(122): Illuminate\\View\\View->getContents()
#3 /home/tdnavarrom/projects/LumenLaravelDocker/vendor/illuminate/view/View.php(91): Illuminate\\View\\View->renderContents()
#4 /home/tdnavarrom/projects/LumenLaravelDocker/vendor/illuminate/http/Response.php(62): Illuminate\\View\\View->render()
#5 /home/tdnavarrom/projects/LumenLaravelDocker/vendor/illuminate/http/Response.php(34): Illuminate\\Http\\Response->setContent()
#6 /home/tdnavarrom/projects/LumenLaravelDocker/vendor/laravel/lumen-framework/src/Concerns/RoutesRequests.php(446): Illuminate\\Http\\Response->__construct()
#7 /home/tdnavarrom/projects/LumenLaravelDocker/vendor/laravel/lumen-framework/src/Concerns/RoutesRequests.php(386): Laravel\\Lumen\\Application->prepareResponse()
#8 /home/tdnavarrom/projects/LumenLaravelDocker/vendor/laravel/lumen-framework/src/Concerns/RoutesRequests.php(352): Laravel\\Lumen\\Application->callControllerCallable()
#9 /home/tdnavarrom/projects/LumenLaravelDocker/vendor/laravel/lumen-framework/src/Concerns/RoutesRequests.php(326): Laravel\\Lumen\\Application->callLumenController()
#10 /home/tdnavarrom/projects/LumenLaravelDocker/vendor/laravel/lumen-framework/src/Concerns/RoutesRequests.php(279): Laravel\\Lumen\\Application->callControllerAction()
#11 /home/tdnavarrom/projects/LumenLaravelDocker/vendor/laravel/lumen-framework/src/Concerns/RoutesRequests.php(264): Laravel\\Lumen\\Application->callActionOnArrayBasedRoute()
#12 /home/tdnavarrom/projects/LumenLaravelDocker/vendor/laravel/lumen-framework/src/Concerns/RoutesRequests.php(166): Laravel\\Lumen\\Application->handleFoundRoute()
#13 /home/tdnavarrom/projects/LumenLaravelDocker/vendor/laravel/lumen-framework/src/Concerns/RoutesRequests.php(426): Laravel\\Lumen\\Application->Laravel\\Lumen\\Concerns\\{closure}()
#14 /home/tdnavarrom/projects/LumenLaravelDocker/vendor/laravel/lumen-framework/src/Concerns/RoutesRequests.php(172): Laravel\\Lumen\\Application->sendThroughPipeline()
#15 /home/tdnavarrom/projects/LumenLaravelDocker/vendor/laravel/lumen-framework/src/Concerns/RoutesRequests.php(109): Laravel\\Lumen\\Application->dispatch()
#16 /home/tdnavarrom/projects/LumenLaravelDocker/public/index.php(28): Laravel\\Lumen\\Application->run()
#17 {main}
"} 
[2020-11-13 16:24:10] local.ERROR: syntax error, unexpected 'image_name' (T_STRING), expecting ']' (View: /home/tdnavarrom/projects/LumenLaravelDocker/resources/views/image/index.blade.php) {"exception":"[object] (ErrorException(code: 0): syntax error, unexpected 'image_name' (T_STRING), expecting ']' (View: /home/tdnavarrom/projects/LumenLaravelDocker/resources/views/image/index.blade.php) at /home/tdnavarrom/projects/LumenLaravelDocker/storage/framework/views/cca1483390120c3c591a67d009967045f34377eb.php:10)
[stacktrace]
#0 /home/tdnavarrom/projects/LumenLaravelDocker/vendor/illuminate/view/Engines/PhpEngine.php(43): Illuminate\\View\\Engines\\CompilerEngine->handleViewException()
#1 /home/tdnavarrom/projects/LumenLaravelDocker/vendor/illuminate/view/Engines/CompilerEngine.php(57): Illuminate\\View\\Engines\\PhpEngine->evaluatePath()
#2 /home/tdnavarrom/projects/LumenLaravelDocker/vendor/illuminate/view/View.php(139): Illuminate\\View\\Engines\\CompilerEngine->get()
#3 /home/tdnavarrom/projects/LumenLaravelDocker/vendor/illuminate/view/View.php(122): Illuminate\\View\\View->getContents()
#4 /home/tdnavarrom/projects/LumenLaravelDocker/vendor/illuminate/view/View.php(91): Illuminate\\View\\View->renderContents()
#5 /home/tdnavarrom/projects/LumenLaravelDocker/vendor/illuminate/http/Response.php(62): Illuminate\\View\\View->render()
#6 /home/tdnavarrom/projects/LumenLaravelDocker/vendor/illuminate/http/Response.php(34): Illuminate\\Http\\Response->setContent()
#7 /home/tdnavarrom/projects/LumenLaravelDocker/vendor/laravel/lumen-framework/src/Concerns/RoutesRequests.php(446): Illuminate\\Http\\Response->__construct()
#8 /home/tdnavarrom/projects/LumenLaravelDocker/vendor/laravel/lumen-framework/src/Concerns/RoutesRequests.php(386): Laravel\\Lumen\\Application->prepareResponse()
#9 /home/tdnavarrom/projects/LumenLaravelDocker/vendor/laravel/lumen-framework/src/Concerns/RoutesRequests.php(352): Laravel\\Lumen\\Application->callControllerCallable()
#10 /home/tdnavarrom/projects/LumenLaravelDocker/vendor/laravel/lumen-framework/src/Concerns/RoutesRequests.php(326): Laravel\\Lumen\\Application->callLumenController()
#11 /home/tdnavarrom/projects/LumenLaravelDocker/vendor/laravel/lumen-framework/src/Concerns/RoutesRequests.php(279): Laravel\\Lumen\\Application->callControllerAction()
#12 /home/tdnavarrom/projects/LumenLaravelDocker/vendor/laravel/lumen-framework/src/Concerns/RoutesRequests.php(264): Laravel\\Lumen\\Application->callActionOnArrayBasedRoute()
#13 /home/tdnavarrom/projects/LumenLaravelDocker/vendor/laravel/lumen-framework/src/Concerns/RoutesRequests.php(166): Laravel\\Lumen\\Application->handleFoundRoute()
#14 /home/tdnavarrom/projects/LumenLaravelDocker/vendor/laravel/lumen-framework/src/Concerns/RoutesRequests.php(426): Laravel\\Lumen\\Application->Laravel\\Lumen\\Concerns\\{closure}()
#15 /home/tdnavarrom/projects/LumenLaravelDocker/vendor/laravel/lumen-framework/src/Concerns/RoutesRequests.php(172): Laravel\\Lumen\\Application->sendThroughPipeline()
#16 /home/tdnavarrom/projects/LumenLaravelDocker/vendor/laravel/lumen-framework/src/Concerns/RoutesRequests.php(109): Laravel\\Lumen\\Application->dispatch()
#17 /home/tdnavarrom/projects/LumenLaravelDocker/public/index.php(28): Laravel\\Lumen\\Application->run()
#18 {main}

[previous exception] [object] (ParseError(code: 0): syntax error, unexpected 'image_name' (T_STRING), expecting ']' at /home/tdnavarrom/projects/LumenLaravelDocker/storage/framework/views/cca1483390120c3c591a67d009967045f34377eb.php:10)
[stacktrace]
#0 /home/tdnavarrom/projects/LumenLaravelDocker/vendor/illuminate/view/Engines/CompilerEngine.php(57): Illuminate\\View\\Engines\\PhpEngine->evaluatePath()
#1 /home/tdnavarrom/projects/LumenLaravelDocker/vendor/illuminate/view/View.php(139): Illuminate\\View\\Engines\\CompilerEngine->get()
#2 /home/tdnavarrom/projects/LumenLaravelDocker/vendor/illuminate/view/View.php(122): Illuminate\\View\\View->getContents()
#3 /home/tdnavarrom/projects/LumenLaravelDocker/vendor/illuminate/view/View.php(91): Illuminate\\View\\View->renderContents()
#4 /home/tdnavarrom/projects/LumenLaravelDocker/vendor/illuminate/http/Response.php(62): Illuminate\\View\\View->render()
#5 /home/tdnavarrom/projects/LumenLaravelDocker/vendor/illuminate/http/Response.php(34): Illuminate\\Http\\Response->setContent()
#6 /home/tdnavarrom/projects/LumenLaravelDocker/vendor/laravel/lumen-framework/src/Concerns/RoutesRequests.php(446): Illuminate\\Http\\Response->__construct()
#7 /home/tdnavarrom/projects/LumenLaravelDocker/vendor/laravel/lumen-framework/src/Concerns/RoutesRequests.php(386): Laravel\\Lumen\\Application->prepareResponse()
#8 /home/tdnavarrom/projects/LumenLaravelDocker/vendor/laravel/lumen-framework/src/Concerns/RoutesRequests.php(352): Laravel\\Lumen\\Application->callControllerCallable()
#9 /home/tdnavarrom/projects/LumenLaravelDocker/vendor/laravel/lumen-framework/src/Concerns/RoutesRequests.php(326): Laravel\\Lumen\\Application->callLumenController()
#10 /home/tdnavarrom/projects/LumenLaravelDocker/vendor/laravel/lumen-framework/src/Concerns/RoutesRequests.php(279): Laravel\\Lumen\\Application->callControllerAction()
#11 /home/tdnavarrom/projects/LumenLaravelDocker/vendor/laravel/lumen-framework/src/Concerns/RoutesRequests.php(264): Laravel\\Lumen\\Application->callActionOnArrayBasedRoute()
#12 /home/tdnavarrom/projects/LumenLaravelDocker/vendor/laravel/lumen-framework/src/Concerns/RoutesRequests.php(166): Laravel\\Lumen\\Application->handleFoundRoute()
#13 /home/tdnavarrom/projects/LumenLaravelDocker/vendor/laravel/lumen-framework/src/Concerns/RoutesRequests.php(426): Laravel\\Lumen\\Application->Laravel\\Lumen\\Concerns\\{closure}()
#14 /home/tdnavarrom/projects/LumenLaravelDocker/vendor/laravel/lumen-framework/src/Concerns/RoutesRequests.php(172): Laravel\\Lumen\\Application->sendThroughPipeline()
#15 /home/tdnavarrom/projects/LumenLaravelDocker/vendor/laravel/lumen-framework/src/Concerns/RoutesRequests.php(109): Laravel\\Lumen\\Application->dispatch()
#16 /home/tdnavarrom/projects/LumenLaravelDocker/public/index.php(28): Laravel\\Lumen\\Application->run()
#17 {main}
"} 
[2020-11-13 16:38:09] local.ERROR: File not found at path: images/10.jpg {"exception":"[object] (League\\Flysystem\\FileNotFoundException(code: 0): File not found at path: images/10.jpg at /home/tdnavarrom/projects/LumenLaravelDocker/vendor/league/flysystem/src/Filesystem.php:389)
[stacktrace]
#0 /home/tdnavarrom/projects/LumenLaravelDocker/vendor/league/flysystem/src/Filesystem.php(283): League\\Flysystem\\Filesystem->assertPresent()
#1 /home/tdnavarrom/projects/LumenLaravelDocker/vendor/illuminate/filesystem/FilesystemAdapter.php(405): League\\Flysystem\\Filesystem->getMimetype()
#2 /home/tdnavarrom/projects/LumenLaravelDocker/vendor/illuminate/filesystem/FilesystemAdapter.php(165): Illuminate\\Filesystem\\FilesystemAdapter->mimeType()
#3 /home/tdnavarrom/projects/LumenLaravelDocker/app/Http/Controllers/ImageController.php(37): Illuminate\\Filesystem\\FilesystemAdapter->response()
#4 [internal function]: App\\Http\\Controllers\\ImageController->showImages()
#5 /home/tdnavarrom/projects/LumenLaravelDocker/vendor/illuminate/container/BoundMethod.php(37): call_user_func_array()
#6 /home/tdnavarrom/projects/LumenLaravelDocker/vendor/illuminate/container/Util.php(37): Illuminate\\Container\\BoundMethod::Illuminate\\Container\\{closure}()
#7 /home/tdnavarrom/projects/LumenLaravelDocker/vendor/illuminate/container/BoundMethod.php(95): Illuminate\\Container\\Util::unwrapIfClosure()
#8 /home/tdnavarrom/projects/LumenLaravelDocker/vendor/illuminate/container/BoundMethod.php(39): Illuminate\\Container\\BoundMethod::callBoundMethod()
#9 /home/tdnavarrom/projects/LumenLaravelDocker/vendor/illuminate/container/Container.php(596): Illuminate\\Container\\BoundMethod::call()
#10 /home/tdnavarrom/projects/LumenLaravelDocker/vendor/laravel/lumen-framework/src/Concerns/RoutesRequests.php(386): Illuminate\\Container\\Container->call()
#11 /home/tdnavarrom/projects/LumenLaravelDocker/vendor/laravel/lumen-framework/src/Concerns/RoutesRequests.php(352): Laravel\\Lumen\\Application->callControllerCallable()
#12 /home/tdnavarrom/projects/LumenLaravelDocker/vendor/laravel/lumen-framework/src/Concerns/RoutesRequests.php(326): Laravel\\Lumen\\Application->callLumenController()
#13 /home/tdnavarrom/projects/LumenLaravelDocker/vendor/laravel/lumen-framework/src/Concerns/RoutesRequests.php(279): Laravel\\Lumen\\Application->callControllerAction()
#14 /home/tdnavarrom/projects/LumenLaravelDocker/vendor/laravel/lumen-framework/src/Concerns/RoutesRequests.php(264): Laravel\\Lumen\\Application->callActionOnArrayBasedRoute()
#15 /home/tdnavarrom/projects/LumenLaravelDocker/vendor/laravel/lumen-framework/src/Concerns/RoutesRequests.php(166): Laravel\\Lumen\\Application->handleFoundRoute()
#16 /home/tdnavarrom/projects/LumenLaravelDocker/vendor/laravel/lumen-framework/src/Concerns/RoutesRequests.php(426): Laravel\\Lumen\\Application->Laravel\\Lumen\\Concerns\\{closure}()
#17 /home/tdnavarrom/projects/LumenLaravelDocker/vendor/laravel/lumen-framework/src/Concerns/RoutesRequests.php(172): Laravel\\Lumen\\Application->sendThroughPipeline()
#18 /home/tdnavarrom/projects/LumenLaravelDocker/vendor/laravel/lumen-framework/src/Concerns/RoutesRequests.php(109): Laravel\\Lumen\\Application->dispatch()
#19 /home/tdnavarrom/projects/LumenLaravelDocker/public/index.php(28): Laravel\\Lumen\\Application->run()
#20 {main}
"} 
[2020-11-13 16:38:22] local.ERROR: File not found at path: 12.jpg {"exception":"[object] (League\\Flysystem\\FileNotFoundException(code: 0): File not found at path: 12.jpg at /home/tdnavarrom/projects/LumenLaravelDocker/vendor/league/flysystem/src/Filesystem.php:389)
[stacktrace]
#0 /home/tdnavarrom/projects/LumenLaravelDocker/vendor/league/flysystem/src/Filesystem.php(283): League\\Flysystem\\Filesystem->assertPresent()
#1 /home/tdnavarrom/projects/LumenLaravelDocker/vendor/illuminate/filesystem/FilesystemAdapter.php(405): League\\Flysystem\\Filesystem->getMimetype()
#2 /home/tdnavarrom/projects/LumenLaravelDocker/vendor/illuminate/filesystem/FilesystemAdapter.php(165): Illuminate\\Filesystem\\FilesystemAdapter->mimeType()
#3 /home/tdnavarrom/projects/LumenLaravelDocker/app/Http/Controllers/ImageController.php(37): Illuminate\\Filesystem\\FilesystemAdapter->response()
#4 [internal function]: App\\Http\\Controllers\\ImageController->showImages()
#5 /home/tdnavarrom/projects/LumenLaravelDocker/vendor/illuminate/container/BoundMethod.php(37): call_user_func_array()
#6 /home/tdnavarrom/projects/LumenLaravelDocker/vendor/illuminate/container/Util.php(37): Illuminate\\Container\\BoundMethod::Illuminate\\Container\\{closure}()
#7 /home/tdnavarrom/projects/LumenLaravelDocker/vendor/illuminate/container/BoundMethod.php(95): Illuminate\\Container\\Util::unwrapIfClosure()
#8 /home/tdnavarrom/projects/LumenLaravelDocker/vendor/illuminate/container/BoundMethod.php(39): Illuminate\\Container\\BoundMethod::callBoundMethod()
#9 /home/tdnavarrom/projects/LumenLaravelDocker/vendor/illuminate/container/Container.php(596): Illuminate\\Container\\BoundMethod::call()
#10 /home/tdnavarrom/projects/LumenLaravelDocker/vendor/laravel/lumen-framework/src/Concerns/RoutesRequests.php(386): Illuminate\\Container\\Container->call()
#11 /home/tdnavarrom/projects/LumenLaravelDocker/vendor/laravel/lumen-framework/src/Concerns/RoutesRequests.php(352): Laravel\\Lumen\\Application->callControllerCallable()
#12 /home/tdnavarrom/projects/LumenLaravelDocker/vendor/laravel/lumen-framework/src/Concerns/RoutesRequests.php(326): Laravel\\Lumen\\Application->callLumenController()
#13 /home/tdnavarrom/projects/LumenLaravelDocker/vendor/laravel/lumen-framework/src/Concerns/RoutesRequests.php(279): Laravel\\Lumen\\Application->callControllerAction()
#14 /home/tdnavarrom/projects/LumenLaravelDocker/vendor/laravel/lumen-framework/src/Concerns/RoutesRequests.php(264): Laravel\\Lumen\\Application->callActionOnArrayBasedRoute()
#15 /home/tdnavarrom/projects/LumenLaravelDocker/vendor/laravel/lumen-framework/src/Concerns/RoutesRequests.php(166): Laravel\\Lumen\\Application->handleFoundRoute()
#16 /home/tdnavarrom/projects/LumenLaravelDocker/vendor/laravel/lumen-framework/src/Concerns/RoutesRequests.php(426): Laravel\\Lumen\\Application->Laravel\\Lumen\\Concerns\\{closure}()
#17 /home/tdnavarrom/projects/LumenLaravelDocker/vendor/laravel/lumen-framework/src/Concerns/RoutesRequests.php(172): Laravel\\Lumen\\Application->sendThroughPipeline()
#18 /home/tdnavarrom/projects/LumenLaravelDocker/vendor/laravel/lumen-framework/src/Concerns/RoutesRequests.php(109): Laravel\\Lumen\\Application->dispatch()
#19 /home/tdnavarrom/projects/LumenLaravelDocker/public/index.php(28): Laravel\\Lumen\\Application->run()
#20 {main}
"} 
